<?xml version="1.0" encoding="UTF-8"?>
<testng-results ignored="0" total="1" passed="1" failed="0" skipped="0">
  <reporter-output>
  </reporter-output>
  <suite started-at="2020-03-12T23:02:56 IST" name="Suite" finished-at="2020-03-12T23:03:12 IST" duration-ms="16841">
    <groups>
    </groups>
    <test started-at="2020-03-12T23:02:56 IST" name="Test" finished-at="2020-03-12T23:03:12 IST" duration-ms="16841">
      <class name="TestCases.NewTest1">
        <test-method is-config="true" signature="beforeClass()[pri:0, instance:TestCases.NewTest1@7ea37dbf]" started-at="2020-03-12T23:02:56 IST" name="beforeClass" finished-at="2020-03-12T23:03:03 IST" duration-ms="7578" status="PASS">
          <reporter-output>
          </reporter-output>
        </test-method> <!-- beforeClass -->
        <test-method signature="f()[pri:0, instance:TestCases.NewTest1@7ea37dbf]" started-at="2020-03-12T23:03:03 IST" name="f" finished-at="2020-03-12T23:03:12 IST" duration-ms="8896" status="PASS">
          <reporter-output>
          </reporter-output>
        </test-method> <!-- f -->
        <test-method is-config="true" signature="afterClass()[pri:0, instance:TestCases.NewTest1@7ea37dbf]" started-at="2020-03-12T23:03:12 IST" name="afterClass" finished-at="2020-03-12T23:03:12 IST" duration-ms="314" status="PASS">
          <reporter-output>
          </reporter-output>
        </test-method> <!-- afterClass -->
      </class> <!-- TestCases.NewTest1 -->
    </test> <!-- Test -->
  </suite> <!-- Suite -->
</testng-results>
